0 info it worked if it ends with ok
1 verbose cli [ 'node', '/usr/local/bin/npm', 'install', 'body-parser' ]
2 info using npm@1.3.11
3 info using node@v0.10.21
4 verbose cache add [ 'body-parser', null ]
5 verbose cache add name=undefined spec="body-parser" args=["body-parser",null]
6 verbose parsed url { protocol: null,
6 verbose parsed url   slashes: null,
6 verbose parsed url   auth: null,
6 verbose parsed url   host: null,
6 verbose parsed url   port: null,
6 verbose parsed url   hostname: null,
6 verbose parsed url   hash: null,
6 verbose parsed url   search: null,
6 verbose parsed url   query: null,
6 verbose parsed url   pathname: 'body-parser',
6 verbose parsed url   path: 'body-parser',
6 verbose parsed url   href: 'body-parser' }
7 silly lockFile 14cf125c-body-parser body-parser
8 verbose lock body-parser /Users/Angel/.npm/14cf125c-body-parser.lock
9 silly lockFile 14cf125c-body-parser body-parser
10 verbose addNamed [ 'body-parser', '' ]
11 verbose addNamed [ null, '*' ]
12 silly lockFile 9f665704-body-parser body-parser@
13 verbose lock body-parser@ /Users/Angel/.npm/9f665704-body-parser.lock
14 silly lockFile 9f665704-body-parser body-parser@
15 error Error: EACCES, open '/Users/Angel/.npm/9f665704-body-parser.lock'
15 error  { [Error: EACCES, open '/Users/Angel/.npm/9f665704-body-parser.lock']
15 error   errno: 3,
15 error   code: 'EACCES',
15 error   path: '/Users/Angel/.npm/9f665704-body-parser.lock' }
16 error Please try running this command again as root/Administrator.
17 error System Darwin 13.4.0
18 error command "node" "/usr/local/bin/npm" "install" "body-parser"
19 error cwd /Users/Angel/Dropbox/Guapu Technologies S.L./Actividades/Desarrollo/Eclipse Workspace/vessel-management-tool
20 error node -v v0.10.21
21 error npm -v 1.3.11
22 error path /Users/Angel/.npm/9f665704-body-parser.lock
23 error code EACCES
24 error errno 3
25 error stack Error: EACCES, open '/Users/Angel/.npm/9f665704-body-parser.lock'
26 verbose exit [ 3, true ]
